<?xml version="1.0" encoding="UTF-8"?>
<testng-results skipped="0" failed="1" ignored="0" total="2" passed="1">
  <reporter-output>
  </reporter-output>
  <suite name="Default suite" duration-ms="22374" started-at="2020-05-26T02:12:06 IST" finished-at="2020-05-26T02:12:29 IST">
    <groups>
    </groups>
    <test name="Default test" duration-ms="22374" started-at="2020-05-26T02:12:06 IST" finished-at="2020-05-26T02:12:29 IST">
      <class name="com.TestScriptTAP.TestScript">
        <test-method status="PASS" signature="extendreport()[pri:0, instance:com.TestScriptTAP.TestScript@131276c2]" name="extendreport" is-config="true" duration-ms="110" started-at="2020-05-26T02:12:06 IST" finished-at="2020-05-26T02:12:06 IST">
          <reporter-output>
          </reporter-output>
        </test-method> <!-- extendreport -->
        <test-method status="PASS" signature="bfrcls()[pri:0, instance:com.TestScriptTAP.TestScript@131276c2]" name="bfrcls" is-config="true" duration-ms="5993" started-at="2020-05-26T02:12:06 IST" finished-at="2020-05-26T02:12:12 IST">
          <reporter-output>
          </reporter-output>
        </test-method> <!-- bfrcls -->
        <test-method status="PASS" signature="MD_Indexing_TC01()[pri:0, instance:com.TestScriptTAP.TestScript@131276c2]" name="MD_Indexing_TC01" duration-ms="7" started-at="2020-05-26T02:12:12 IST" finished-at="2020-05-26T02:12:12 IST">
          <reporter-output>
          </reporter-output>
        </test-method> <!-- MD_Indexing_TC01 -->
        <test-method status="PASS" signature="TearDown(org.testng.ITestResult)[pri:0, instance:com.TestScriptTAP.TestScript@131276c2]" name="TearDown" is-config="true" duration-ms="2" started-at="2020-05-26T02:12:12 IST" finished-at="2020-05-26T02:12:12 IST">
          <params>
            <param index="0">
              <value>
                <![CDATA[[TestResult name=MD_Indexing_TC01 status=SUCCESS method=TestScript.MD_Indexing_TC01()[pri:0, instance:com.TestScriptTAP.TestScript@131276c2] output={null}]]]>
              </value>
            </param>
          </params>
          <reporter-output>
          </reporter-output>
        </test-method> <!-- TearDown -->
        <test-method status="FAIL" signature="MD_Indexing_TC02()[pri:0, instance:com.TestScriptTAP.TestScript@131276c2]" name="MD_Indexing_TC02" duration-ms="15208" started-at="2020-05-26T02:12:12 IST" finished-at="2020-05-26T02:12:28 IST">
          <exception class="org.openqa.selenium.NoSuchElementException">
            <message>
              <![CDATA[no such element: Unable to locate element: {"method":"xpath","selector":"//input[@name='passFirst0']"}
  (Session info: chrome=83.0.4103.61)
For documentation on this error, please visit: https://www.seleniumhq.org/exceptions/no_such_element.html
Build info: version: '3.141.59', revision: 'e82be7d358', time: '2018-11-14T08:25:53'
System info: host: 'DESKTOP-46JVR6E', ip: '192.168.1.102', os.name: 'Windows 10', os.arch: 'amd64', os.version: '10.0', java.version: '1.8.0_60'
Driver info: org.openqa.selenium.chrome.ChromeDriver
Capabilities {acceptInsecureCerts: false, browserName: chrome, browserVersion: 83.0.4103.61, chrome: {chromedriverVersion: 83.0.4103.39 (ccbf011cb2d2b..., userDataDir: C:\Users\PRATIK~1\AppData\L...}, goog:chromeOptions: {debuggerAddress: localhost:57189}, javascriptEnabled: true, networkConnectionEnabled: false, pageLoadStrategy: normal, platform: WINDOWS, platformName: WINDOWS, proxy: Proxy(), setWindowRect: true, strictFileInteractability: false, timeouts: {implicit: 0, pageLoad: 300000, script: 30000}, unhandledPromptBehavior: dismiss and notify, webauthn:virtualAuthenticators: true}
Session ID: 6d8a5ae35d3c1b2984c614720e5b3a43
*** Element info: {Using=xpath, value=//input[@name='passFirst0']}]]>
            </message>
            <full-stacktrace>
              <![CDATA[org.openqa.selenium.NoSuchElementException: no such element: Unable to locate element: {"method":"xpath","selector":"//input[@name='passFirst0']"}
  (Session info: chrome=83.0.4103.61)
For documentation on this error, please visit: https://www.seleniumhq.org/exceptions/no_such_element.html
Build info: version: '3.141.59', revision: 'e82be7d358', time: '2018-11-14T08:25:53'
System info: host: 'DESKTOP-46JVR6E', ip: '192.168.1.102', os.name: 'Windows 10', os.arch: 'amd64', os.version: '10.0', java.version: '1.8.0_60'
Driver info: org.openqa.selenium.chrome.ChromeDriver
Capabilities {acceptInsecureCerts: false, browserName: chrome, browserVersion: 83.0.4103.61, chrome: {chromedriverVersion: 83.0.4103.39 (ccbf011cb2d2b..., userDataDir: C:\Users\PRATIK~1\AppData\L...}, goog:chromeOptions: {debuggerAddress: localhost:57189}, javascriptEnabled: true, networkConnectionEnabled: false, pageLoadStrategy: normal, platform: WINDOWS, platformName: WINDOWS, proxy: Proxy(), setWindowRect: true, strictFileInteractability: false, timeouts: {implicit: 0, pageLoad: 300000, script: 30000}, unhandledPromptBehavior: dismiss and notify, webauthn:virtualAuthenticators: true}
Session ID: 6d8a5ae35d3c1b2984c614720e5b3a43
*** Element info: {Using=xpath, value=//input[@name='passFirst0']}
at sun.reflect.NativeConstructorAccessorImpl.newInstance0(Native Method)
at sun.reflect.NativeConstructorAccessorImpl.newInstance(Unknown Source)
at sun.reflect.DelegatingConstructorAccessorImpl.newInstance(Unknown Source)
at java.lang.reflect.Constructor.newInstance(Unknown Source)
at org.openqa.selenium.remote.http.W3CHttpResponseCodec.createException(W3CHttpResponseCodec.java:187)
at org.openqa.selenium.remote.http.W3CHttpResponseCodec.decode(W3CHttpResponseCodec.java:122)
at org.openqa.selenium.remote.http.W3CHttpResponseCodec.decode(W3CHttpResponseCodec.java:49)
at org.openqa.selenium.remote.HttpCommandExecutor.execute(HttpCommandExecutor.java:158)
at org.openqa.selenium.remote.service.DriverCommandExecutor.execute(DriverCommandExecutor.java:83)
at org.openqa.selenium.remote.RemoteWebDriver.execute(RemoteWebDriver.java:552)
at org.openqa.selenium.remote.RemoteWebDriver.findElement(RemoteWebDriver.java:323)
at org.openqa.selenium.remote.RemoteWebDriver.findElementByXPath(RemoteWebDriver.java:428)
at org.openqa.selenium.By$ByXPath.findElement(By.java:353)
at org.openqa.selenium.remote.RemoteWebDriver.findElement(RemoteWebDriver.java:315)
at org.openqa.selenium.support.pagefactory.DefaultElementLocator.findElement(DefaultElementLocator.java:69)
at org.openqa.selenium.support.pagefactory.internal.LocatingElementHandler.invoke(LocatingElementHandler.java:38)
at com.sun.proxy.$Proxy12.sendKeys(Unknown Source)
at com.pageobjectRepoTAP.BookaFlight.book(BookaFlight.java:32)
at com.TestScriptTAP.TestScript.MD_Indexing_TC02(TestScript.java:105)
at sun.reflect.NativeMethodAccessorImpl.invoke0(Native Method)
at sun.reflect.NativeMethodAccessorImpl.invoke(Unknown Source)
at sun.reflect.DelegatingMethodAccessorImpl.invoke(Unknown Source)
at java.lang.reflect.Method.invoke(Unknown Source)
at org.testng.internal.MethodInvocationHelper.invokeMethod(MethodInvocationHelper.java:133)
at org.testng.internal.TestInvoker.invokeMethod(TestInvoker.java:584)
at org.testng.internal.TestInvoker.invokeTestMethod(TestInvoker.java:172)
at org.testng.internal.MethodRunner.runInSequence(MethodRunner.java:46)
at org.testng.internal.TestInvoker$MethodInvocationAgent.invoke(TestInvoker.java:804)
at org.testng.internal.TestInvoker.invokeTestMethods(TestInvoker.java:145)
at org.testng.internal.TestMethodWorker.invokeTestMethods(TestMethodWorker.java:146)
at org.testng.internal.TestMethodWorker.run(TestMethodWorker.java:128)
at java.util.ArrayList.forEach(Unknown Source)
at org.testng.TestRunner.privateRun(TestRunner.java:770)
at org.testng.TestRunner.run(TestRunner.java:591)
at org.testng.SuiteRunner.runTest(SuiteRunner.java:402)
at org.testng.SuiteRunner.runSequentially(SuiteRunner.java:396)
at org.testng.SuiteRunner.privateRun(SuiteRunner.java:355)
at org.testng.SuiteRunner.run(SuiteRunner.java:304)
at org.testng.SuiteRunnerWorker.runSuite(SuiteRunnerWorker.java:53)
at org.testng.SuiteRunnerWorker.run(SuiteRunnerWorker.java:96)
at org.testng.TestNG.runSuitesSequentially(TestNG.java:1180)
at org.testng.TestNG.runSuitesLocally(TestNG.java:1102)
at org.testng.TestNG.runSuites(TestNG.java:1032)
at org.testng.TestNG.run(TestNG.java:1000)
at org.testng.remote.AbstractRemoteTestNG.run(AbstractRemoteTestNG.java:115)
at org.testng.remote.RemoteTestNG.initAndRun(RemoteTestNG.java:251)
at org.testng.remote.RemoteTestNG.main(RemoteTestNG.java:77)
]]>
            </full-stacktrace>
          </exception> <!-- org.openqa.selenium.NoSuchElementException -->
          <reporter-output>
          </reporter-output>
        </test-method> <!-- MD_Indexing_TC02 -->
        <test-method status="PASS" signature="TearDown(org.testng.ITestResult)[pri:0, instance:com.TestScriptTAP.TestScript@131276c2]" name="TearDown" is-config="true" duration-ms="312" started-at="2020-05-26T02:12:28 IST" finished-at="2020-05-26T02:12:28 IST">
          <params>
            <param index="0">
              <value>
                <![CDATA[[TestResult name=MD_Indexing_TC02 status=FAILURE method=TestScript.MD_Indexing_TC02()[pri:0, instance:com.TestScriptTAP.TestScript@131276c2] output={null}]]]>
              </value>
            </param>
          </params>
          <reporter-output>
          </reporter-output>
        </test-method> <!-- TearDown -->
        <test-method status="PASS" signature="last()[pri:0, instance:com.TestScriptTAP.TestScript@131276c2]" name="last" is-config="true" duration-ms="200" started-at="2020-05-26T02:12:28 IST" finished-at="2020-05-26T02:12:29 IST">
          <reporter-output>
          </reporter-output>
        </test-method> <!-- last -->
      </class> <!-- com.TestScriptTAP.TestScript -->
    </test> <!-- Default test -->
  </suite> <!-- Default suite -->
</testng-results>
